<?xml version="1.0" encoding="utf-8"?><testsuites name="pytest tests"><testsuite name="pytest" errors="0" failures="0" skipped="0" tests="7" time="1.561" timestamp="2026-09-25T09:27:44.544376+00:00" hostname="agent-env-21d9f9e3-937c-4f57-b074-02c6ba177cb5"><testcase classname="tests.test_dashcam_api.TestHealth" name="test_root_ok" time="0.242" /><testcase classname="tests.test_dashcam_api.TestEvents" name="test_create_impact_event" time="0.317" /><testcase classname="tests.test_dashcam_api.TestPushRegister" name="test_register_push_with_placeholder_key" time="0.151" /><testcase classname="tests.test_dashcam_api.TestEvents" name="test_create_trip_event" time="0.156" /><testcase classname="tests.test_dashcam_api.TestEvents" name="test_list_events_sorted_newest_first" time="0.266" /><testcase classname="tests.test_dashcam_api.TestEvents" name="test_delete_single_event" time="0.262" /><testcase classname="tests.test_dashcam_api.TestEvents" name="test_delete_all_events" time="0.240" /></testsuite></testsuites>